#
# There is insufficient memory for the Java Runtime Environment to continue.
# Native memory allocation (mmap) failed to map 132120576 bytes for Failed to commit area from 0x0000000082000000 to 0x0000000089e00000 of length 132120576.
# Possible reasons:
#   The system is out of physical RAM or swap space
#   The process is running with CompressedOops enabled, and the Java Heap may be blocking the growth of the native heap
# Possible solutions:
#   Reduce memory load on the system
#   Increase physical memory or swap space
#   Check if swap backing store is full
#   Decrease Java heap size (-Xmx/-Xms)
#   Decrease number of Java threads
#   Decrease Java thread stack sizes (-Xss)
#   Set larger code cache with -XX:ReservedCodeCacheSize=
# This output file may be truncated or incomplete.
#
#  Out of Memory Error (./src/hotspot/os/windows/os_windows.cpp:3521), pid=38128, tid=36484
#
# JRE version:  (11.0.12+7) (build )
# Java VM: OpenJDK 64-Bit Server VM (11.0.12+7-b1504.40, mixed mode, sharing, tiered, compressed oops, g1 gc, windows-amd64)
# No core dump will be written. Minidumps are not enabled by default on client versions of Windows
#

---------------  S U M M A R Y ------------

Command Line: git4idea.http.GitAskPassApp Username for 'https://github.com': 

Host: AMD Ryzen 7 5800H with Radeon Graphics         , 16 cores, 7G,  Windows 10 , 64 bit Build 22621 (10.0.22621.2506)
Time: Mon Jan  1 19:21:42 2024 GMT Standard Time elapsed time: 0.029363 seconds (0d 0h 0m 0s)

---------------  T H R E A D  ---------------

Current thread (0x00000172d9b1c800):  JavaThread "Unknown thread" [_thread_in_vm, id=36484, stack(0x0000000f90500000,0x0000000f90600000)]

Stack: [0x0000000f90500000,0x0000000f90600000]
Native frames: (J=compiled Java code, j=interpreted, Vv=VM code, C=native code)
V  [jvm.dll+0x5ff40a]
V  [jvm.dll+0x783b65]
V  [jvm.dll+0x78517d]
V  [jvm.dll+0x785833]
V  [jvm.dll+0x249408]
V  [jvm.dll+0x5fc7f4]
V  [jvm.dll+0x5f13c5]
V  [jvm.dll+0x3076bb]
V  [jvm.dll+0x30762a]
V  [jvm.dll+0x307502]
V  [jvm.dll+0x30c466]
V  [jvm.dll+0x355543]
V  [jvm.dll+0x355c46]
V  [jvm.dll+0x355643]
V  [jvm.dll+0x2e2018]
V  [jvm.dll+0x2e31c7]
V  [jvm.dll+0x761f57]
V  [jvm.dll+0x76374c]
V  [jvm.dll+0x362ab9]
V  [jvm.dll+0x7455be]
V  [jvm.dll+0x3cb673]
V  [jvm.dll+0x3cda21]
C  [jli.dll+0x536b]
C  [ucrtbase.dll+0x29363]
C  [KERNEL32.DLL+0x1257d]
C  [ntdll.dll+0x5aa58]


---------------  P R O C E S S  ---------------

Threads class SMR info:
_java_thread_list=0x00000172d78a8b70, length=0, elements={
}

Java Threads: ( => current thread )

Other Threads:
  0x00000172d9b36000 GCTaskThread "GC Thread#0" [stack: 0x0000000f90600000,0x0000000f90700000] [id=36880]
  0x00000172d9b68000 ConcurrentGCThread "G1 Main Marker" [stack: 0x0000000f90700000,0x0000000f90800000] [id=3956]
  0x00000172d9b6b800 ConcurrentGCThread "G1 Conc#0" [stack: 0x0000000f90800000,0x0000000f90900000] [id=39612]

[error occurred during error reporting (printing all threads), id 0xc0000005, EXCEPTION_ACCESS_VIOLATION (0xc0000005) at pc=0x00007ffc150927a7]

VM state:not at safepoint (not fully initialized)

VM Mutex/Monitor currently owned by a thread:  ([mutex/lock_event])
[0x00000172d9b16dc0] Heap_lock - owner thread: 0x00000172d9b1c800

Heap address: 0x0000000082000000, size: 2016 MB, Compressed Oops mode: Non-zero based: 0x0000000082000000
Narrow klass base: 0x0000000000000000, Narrow klass shift: 0

GC Heap History (0 events):
No events

Deoptimization events (0 events):
No events

Classes redefined (0 events):
No events

Internal exceptions (0 events):
No events

Events (1 events):
Event: 0.022 Loaded shared library C:\Program Files\JetBrains\PyCharm Community Edition 2021.2.3\jbr\bin\zip.dll


Dynamic libraries:
0x00007ff6aa010000 - 0x00007ff6aa01a000 	C:\Program Files\JetBrains\PyCharm Community Edition 2021.2.3\jbr\bin\java.exe
0x00007ffcbca30000 - 0x00007ffcbcc47000 	C:\WINDOWS\SYSTEM32\ntdll.dll
0x00007ffcbb870000 - 0x00007ffcbb934000 	C:\WINDOWS\System32\KERNEL32.DLL
0x00007ffcba0f0000 - 0x00007ffcba496000 	C:\WINDOWS\System32\KERNELBASE.dll
0x00007ffcb9fd0000 - 0x00007ffcba0e1000 	C:\WINDOWS\System32\ucrtbase.dll
0x00007ffcaf6b0000 - 0x00007ffcaf6c9000 	C:\Program Files\JetBrains\PyCharm Community Edition 2021.2.3\jbr\bin\jli.dll
0x00007ffcaf730000 - 0x00007ffcaf747000 	C:\Program Files\JetBrains\PyCharm Community Edition 2021.2.3\jbr\bin\VCRUNTIME140.dll
0x00007ffcba780000 - 0x00007ffcba92e000 	C:\WINDOWS\System32\USER32.dll
0x00007ffcba5e0000 - 0x00007ffcba606000 	C:\WINDOWS\System32\win32u.dll
0x00007ffca0f80000 - 0x00007ffca1213000 	C:\WINDOWS\WinSxS\amd64_microsoft.windows.common-controls_6595b64144ccf1df_6.0.22621.2506_none_270c5ae97388e100\COMCTL32.dll
0x00007ffcba9d0000 - 0x00007ffcba9f9000 	C:\WINDOWS\System32\GDI32.dll
0x00007ffcbc330000 - 0x00007ffcbc3d7000 	C:\WINDOWS\System32\msvcrt.dll
0x00007ffcb9e10000 - 0x00007ffcb9f28000 	C:\WINDOWS\System32\gdi32full.dll
0x00007ffcb9f30000 - 0x00007ffcb9fca000 	C:\WINDOWS\System32\msvcp_win.dll
0x00007ffcbb800000 - 0x00007ffcbb831000 	C:\WINDOWS\System32\IMM32.DLL
0x00007ffc7f410000 - 0x00007ffc7f4ad000 	C:\Program Files\JetBrains\PyCharm Community Edition 2021.2.3\jbr\bin\msvcp140.dll
0x00007ffc14da0000 - 0x00007ffc158f8000 	C:\Program Files\JetBrains\PyCharm Community Edition 2021.2.3\jbr\bin\server\jvm.dll
0x00007ffcbb0b0000 - 0x00007ffcbb161000 	C:\WINDOWS\System32\ADVAPI32.dll
0x00007ffcbb1f0000 - 0x00007ffcbb295000 	C:\WINDOWS\System32\sechost.dll
0x00007ffcbaa00000 - 0x00007ffcbab17000 	C:\WINDOWS\System32\RPCRT4.dll
0x00007ffcbb400000 - 0x00007ffcbb408000 	C:\WINDOWS\System32\PSAPI.DLL
0x00007ffcb2660000 - 0x00007ffcb2694000 	C:\WINDOWS\SYSTEM32\WINMM.dll
0x00007ffcb7920000 - 0x00007ffcb7929000 	C:\WINDOWS\SYSTEM32\WSOCK32.dll
0x00007ffcb78c0000 - 0x00007ffcb78ca000 	C:\WINDOWS\SYSTEM32\VERSION.dll
0x00007ffcbb170000 - 0x00007ffcbb1e1000 	C:\WINDOWS\System32\WS2_32.dll
0x00007ffcb8da0000 - 0x00007ffcb8db8000 	C:\WINDOWS\SYSTEM32\kernel.appcore.dll
0x00007ffca1c60000 - 0x00007ffca1c71000 	C:\Program Files\JetBrains\PyCharm Community Edition 2021.2.3\jbr\bin\verify.dll
0x00007ffcb5260000 - 0x00007ffcb5493000 	C:\WINDOWS\SYSTEM32\DBGHELP.DLL
0x00007ffcbab20000 - 0x00007ffcbaea9000 	C:\WINDOWS\System32\combase.dll
0x00007ffcbb720000 - 0x00007ffcbb7f7000 	C:\WINDOWS\System32\OLEAUT32.dll
0x00007ffcb0b40000 - 0x00007ffcb0b72000 	C:\WINDOWS\SYSTEM32\dbgcore.DLL
0x00007ffcba560000 - 0x00007ffcba5da000 	C:\WINDOWS\System32\bcryptPrimitives.dll
0x00007ffca1c30000 - 0x00007ffca1c59000 	C:\Program Files\JetBrains\PyCharm Community Edition 2021.2.3\jbr\bin\java.dll
0x00007ffca1c20000 - 0x00007ffca1c2b000 	C:\Program Files\JetBrains\PyCharm Community Edition 2021.2.3\jbr\bin\jimage.dll
0x00007ffca1c00000 - 0x00007ffca1c18000 	C:\Program Files\JetBrains\PyCharm Community Edition 2021.2.3\jbr\bin\zip.dll

dbghelp: loaded successfully - version: 4.0.5 - missing functions: none
symbol engine: initialized successfully - sym options: 0x614 - pdb path: .;C:\Program Files\JetBrains\PyCharm Community Edition 2021.2.3\jbr\bin;C:\WINDOWS\SYSTEM32;C:\WINDOWS\WinSxS\amd64_microsoft.windows.common-controls_6595b64144ccf1df_6.0.22621.2506_none_270c5ae97388e100;C:\Program Files\JetBrains\PyCharm Community Edition 2021.2.3\jbr\bin\server

VM Arguments:
java_command: git4idea.http.GitAskPassApp Username for 'https://github.com': 
java_class_path (initial): C:/Program Files/JetBrains/PyCharm Community Edition 2021.2.3/plugins/git4idea/lib/git4idea-rt.jar;C:/Program Files/JetBrains/PyCharm Community Edition 2021.2.3/lib/3rd-party.jar
Launcher Type: SUN_STANDARD

[Global flags]
     intx CICompilerCount                          = 12                                        {product} {ergonomic}
     uint ConcGCThreads                            = 3                                         {product} {ergonomic}
     uint G1ConcRefinementThreads                  = 13                                        {product} {ergonomic}
   size_t G1HeapRegionSize                         = 1048576                                   {product} {ergonomic}
    uintx GCDrainStackTargetSize                   = 64                                        {product} {ergonomic}
   size_t InitialHeapSize                          = 132120576                                 {product} {ergonomic}
   size_t MarkStackSize                            = 4194304                                   {product} {ergonomic}
   size_t MaxHeapSize                              = 2113929216                                {product} {ergonomic}
   size_t MinHeapDeltaBytes                        = 1048576                                   {product} {ergonomic}
    uintx NonNMethodCodeHeapSize                   = 7594288                                {pd product} {ergonomic}
    uintx NonProfiledCodeHeapSize                  = 122031976                              {pd product} {ergonomic}
    uintx ProfiledCodeHeapSize                     = 122031976                              {pd product} {ergonomic}
    uintx ReservedCodeCacheSize                    = 251658240                              {pd product} {ergonomic}
     bool SegmentedCodeCache                       = true                                      {product} {ergonomic}
     bool UseCompressedClassPointers               = true                                 {lp64_product} {ergonomic}
     bool UseCompressedOops                        = true                                 {lp64_product} {ergonomic}
     bool UseG1GC                                  = true                                      {product} {ergonomic}
     bool UseLargePagesIndividualAllocation        = false                                  {pd product} {ergonomic}

Logging:
Log output configuration:
 #0: stdout all=warning uptime,level,tags
 #1: stderr all=off uptime,level,tags

Environment Variables:
PATH=C:\Program Files\Git\mingw64\libexec\git-core;C:\Program Files\Git\mingw64\libexec\git-core;C:\Program Files\Git\mingw64\bin;C:\Program Files\Git\usr\bin;C:\Users\lukeb\bin;C:\Program Files\NVIDIA GPU Computing Toolkit\CUDA\v12.0\bin;C:\Program Files\NVIDIA GPU Computing Toolkit\CUDA\v12.0\libnvvp;C:\Program Files\Common Files\Oracle\Java\javapath;C:\Program Files (x86)\Common Files\Oracle\Java\javapath;C:\Windows\system32;C:\Windows;C:\Windows\System32\Wbem;C:\Windows\System32\WindowsPowerShell\v1.0;C:\Windows\System32\OpenSSH;C:\Program Files (x86)\NVIDIA Corporation\PhysX\Common;C:\Program Files\NVIDIA Corporation\NVIDIA NvDLISR;C:\WINDOWS\system32;C:\WINDOWS;C:\WINDOWS\System32\Wbem;C:\WINDOWS\System32\WindowsPowerShell\v1.0;C:\WINDOWS\System32\OpenSSH;C:\Program Files\Git\cmd;C:\Program Files\NVIDIA Corporation\Nsight Compute 2022.4.1;C:\Users\lukeb\AppData\Local\Programs\Python\Python39\Scripts;C:\Users\lukeb\AppData\Local\Programs\Python\Python39;C:\Users\lukeb\AppData\Local\Microsoft\WindowsApps;C:\Users\lukeb\AppData\Local\Programs\Microsoft VS Code\bin
USERNAME=lukeb
DISPLAY=:0.0
LC_ALL=en_US.UTF-8
OS=Windows_NT
PROCESSOR_IDENTIFIER=AMD64 Family 25 Model 80 Stepping 0, AuthenticAMD



---------------  S Y S T E M  ---------------

OS: Windows 10 , 64 bit Build 22621 (10.0.22621.2506)
OS uptime: 19 days 15:20 hours

CPU:total 16 (initial active 16) (16 cores per cpu, 2 threads per core) family 25 model 80 stepping 0 microcode 0x0, cmov, cx8, fxsr, mmx, sse, sse2, sse3, ssse3, sse4.1, sse4.2, popcnt, avx, avx2, aes, clmul, erms, mmxext, 3dnowpref, lzcnt, sse4a, ht, tsc, tscinvbit, tscinv, bmi1, bmi2, adx, sha, fma

Memory: 4k page, system-wide physical 8060M (721M free)
TotalPageFile size 32636M (AvailPageFile size 106M)
current process WorkingSet (physical memory assigned to process): 10M, peak: 10M
current process commit charge ("private bytes"): 70M, peak: 196M

vm_info: OpenJDK 64-Bit Server VM (11.0.12+7-b1504.40) for windows-amd64 JRE (11.0.12+7-b1504.40), built on Sep 23 2021 14:38:03 by "" with MS VC++ 14.0 (VS2015)

END.
